This is pdfTeX, Version 3.141592653-2.6-1.40.25 (MiKTeX 23.4) (preloaded format=pdflatex 2023.5.17)  6 JUL 2023 16:21
entering extended mode
 restricted \write18 enabled.
 %&-line parsing enabled.
**./dokument.tex
(dokument.tex
LaTeX2e <2022-11-01> patch level 1
L3 programming layer <2023-03-30>
(C:\Users\Lovro Korpar\AppData\Local\Programs\MiKTeX\tex/latex/base\book.cls
Document Class: book 2022/07/02 v1.4n Standard LaTeX document class
(C:\Users\Lovro Korpar\AppData\Local\Programs\MiKTeX\tex/latex/base\bk12.clo
File: bk12.clo 2022/07/02 v1.4n Standard LaTeX file (size option)
)
\c@part=\count185
\c@chapter=\count186
\c@section=\count187
\c@subsection=\count188
\c@subsubsection=\count189
\c@paragraph=\count190
\c@subparagraph=\count191
\c@figure=\count192
\c@table=\count193
\abovecaptionskip=\skip48
\belowcaptionskip=\skip49
\bibindent=\dimen140
)
(struktura.tex
(C:\Users\Lovro Korpar\AppData\Local\Programs\MiKTeX\tex/latex/amsmath\amsmath.
sty
Package: amsmath 2022/04/08 v2.17n AMS math features
\@mathmargin=\skip50

For additional information on amsmath, use the `?' option.

(C:\Users\Lovro Korpar\AppData\Local\Programs\MiKTeX\tex/latex/amsmath\amstext.
sty
Package: amstext 2021/08/26 v2.01 AMS text

(C:\Users\Lovro Korpar\AppData\Local\Programs\MiKTeX\tex/latex/amsmath\amsgen.s
ty
File: amsgen.sty 1999/11/30 v2.0 generic functions
\@emptytoks=\toks16
\ex@=\dimen141
))
(C:\Users\Lovro Korpar\AppData\Local\Programs\MiKTeX\tex/latex/amsmath\amsbsy.s
ty
Package: amsbsy 1999/11/29 v1.2d Bold Symbols
\pmbraise@=\dimen142
)
(C:\Users\Lovro Korpar\AppData\Local\Programs\MiKTeX\tex/latex/amsmath\amsopn.s
ty
Package: amsopn 2022/04/08 v2.04 operator names
)
\inf@bad=\count194
LaTeX Info: Redefining \frac on input line 234.
\uproot@=\count195
\leftroot@=\count196
LaTeX Info: Redefining \overline on input line 399.
LaTeX Info: Redefining \colon on input line 410.
\classnum@=\count197
\DOTSCASE@=\count198
LaTeX Info: Redefining \ldots on input line 496.
LaTeX Info: Redefining \dots on input line 499.
LaTeX Info: Redefining \cdots on input line 620.
\Mathstrutbox@=\box51
\strutbox@=\box52
LaTeX Info: Redefining \big on input line 722.
LaTeX Info: Redefining \Big on input line 723.
LaTeX Info: Redefining \bigg on input line 724.
LaTeX Info: Redefining \Bigg on input line 725.
\big@size=\dimen143
LaTeX Font Info:    Redeclaring font encoding OML on input line 743.
LaTeX Font Info:    Redeclaring font encoding OMS on input line 744.
\macc@depth=\count199
LaTeX Info: Redefining \bmod on input line 905.
LaTeX Info: Redefining \pmod on input line 910.
LaTeX Info: Redefining \smash on input line 940.
LaTeX Info: Redefining \relbar on input line 970.
LaTeX Info: Redefining \Relbar on input line 971.
\c@MaxMatrixCols=\count266
\dotsspace@=\muskip16
\c@parentequation=\count267
\dspbrk@lvl=\count268
\tag@help=\toks17
\row@=\count269
\column@=\count270
\maxfields@=\count271
\andhelp@=\toks18
\eqnshift@=\dimen144
\alignsep@=\dimen145
\tagshift@=\dimen146
\tagwidth@=\dimen147
\totwidth@=\dimen148
\lineht@=\dimen149
\@envbody=\toks19
\multlinegap=\skip51
\multlinetaggap=\skip52
\mathdisplay@stack=\toks20
LaTeX Info: Redefining \[ on input line 2953.
LaTeX Info: Redefining \] on input line 2954.
)
(C:\Users\Lovro Korpar\AppData\Local\Programs\MiKTeX\tex/latex/base\latexsym.st
y
Package: latexsym 1998/08/17 v2.2e Standard LaTeX package (lasy symbols)
\symlasy=\mathgroup4
LaTeX Font Info:    Overwriting symbol font `lasy' in version `bold'
(Font)                  U/lasy/m/n --> U/lasy/b/n on input line 52.
)
(C:\Users\Lovro Korpar\AppData\Local\Programs\MiKTeX\tex/latex/amsfonts\amsfont
s.sty
Package: amsfonts 2013/01/14 v3.01 Basic AMSFonts support
\symAMSa=\mathgroup5
\symAMSb=\mathgroup6
LaTeX Font Info:    Redeclaring math symbol \hbar on input line 98.
LaTeX Font Info:    Overwriting math alphabet `\mathfrak' in version `bold'
(Font)                  U/euf/m/n --> U/euf/b/n on input line 106.
)
(C:\Users\Lovro Korpar\AppData\Local\Programs\MiKTeX\tex/latex/ulem\ulem.sty
\UL@box=\box53
\UL@hyphenbox=\box54
\UL@skip=\skip53
\UL@hook=\toks21
\UL@height=\dimen150
\UL@pe=\count272
\UL@pixel=\dimen151
\ULC@box=\box55
Package: ulem 2019/11/18
\ULdepth=\dimen152
)
(C:\Users\Lovro Korpar\AppData\Local\Programs\MiKTeX\tex/generic/soul\soul.sty
Package: soul 2023-02-18 v3.0 Permit use of UTF-8 characters in soul (HO)

(C:\Users\Lovro Korpar\AppData\Local\Programs\MiKTeX\tex/generic/soul\soul-ori.
sty
Package: soul-ori 2023-02-18 v3.0 letterspacing/underlining (mf)
\SOUL@word=\toks22
\SOUL@lasttoken=\toks23
\SOUL@syllable=\toks24
\SOUL@cmds=\toks25
\SOUL@buffer=\toks26
\SOUL@token=\toks27
\SOUL@syllgoal=\dimen153
\SOUL@syllwidth=\dimen154
\SOUL@charkern=\dimen155
\SOUL@hyphkern=\dimen156
\SOUL@dimen=\dimen157
\SOUL@dimeni=\dimen158
\SOUL@minus=\count273
\SOUL@comma=\count274
\SOUL@apo=\count275
\SOUL@grave=\count276
\SOUL@spaceskip=\skip54
\SOUL@ttwidth=\dimen159
\SOUL@uldp=\dimen160
\SOUL@ulht=\dimen161
)
(C:\Users\Lovro Korpar\AppData\Local\Programs\MiKTeX\tex/generic/infwarerr\infw
arerr.sty
Package: infwarerr 2019/12/03 v1.5 Providing info/warning/error messages (HO)
)
(C:\Users\Lovro Korpar\AppData\Local\Programs\MiKTeX\tex/generic/etexcmds\etexc
mds.sty
Package: etexcmds 2019/12/15 v1.7 Avoid name clashes with e-TeX commands (HO)

(C:\Users\Lovro Korpar\AppData\Local\Programs\MiKTeX\tex/generic/iftex\iftex.st
y
Package: iftex 2022/02/03 v1.0f TeX engine tests
)))
(C:\Users\Lovro Korpar\AppData\Local\Programs\MiKTeX\tex/latex/tools\array.sty
Package: array 2022/09/04 v2.5g Tabular extension package (FMi)
\col@sep=\dimen162
\ar@mcellbox=\box56
\extrarowheight=\dimen163
\NC@list=\toks28
\extratabsurround=\skip55
\backup@length=\skip56
\ar@cellbox=\box57
)
(C:\Users\Lovro Korpar\AppData\Local\Programs\MiKTeX\tex/latex/amsfonts\amssymb
.sty
Package: amssymb 2013/01/14 v3.01 AMS font symbols
)
(C:\Users\Lovro Korpar\AppData\Local\Programs\MiKTeX\tex/latex/extarrows\extarr
ows.sty
Package: extarrows 2020/03/12 v1.2.0 Some extensible arrows
)
(C:\Users\Lovro Korpar\AppData\Local\Programs\MiKTeX\tex/latex/graphics\graphic
x.sty
Package: graphicx 2021/09/16 v1.2d Enhanced LaTeX Graphics (DPC,SPQR)

(C:\Users\Lovro Korpar\AppData\Local\Programs\MiKTeX\tex/latex/graphics\keyval.
sty
Package: keyval 2022/05/29 v1.15 key=value parser (DPC)
\KV@toks@=\toks29
)
(C:\Users\Lovro Korpar\AppData\Local\Programs\MiKTeX\tex/latex/graphics\graphic
s.sty
Package: graphics 2022/03/10 v1.4e Standard LaTeX Graphics (DPC,SPQR)

(C:\Users\Lovro Korpar\AppData\Local\Programs\MiKTeX\tex/latex/graphics\trig.st
y
Package: trig 2021/08/11 v1.11 sin cos tan (DPC)
)
(C:\Users\Lovro Korpar\AppData\Local\Programs\MiKTeX\tex/latex/graphics-cfg\gra
phics.cfg
File: graphics.cfg 2016/06/04 v1.11 sample graphics configuration
)
Package graphics Info: Driver file: pdftex.def on input line 107.

(C:\Users\Lovro Korpar\AppData\Local\Programs\MiKTeX\tex/latex/graphics-def\pdf
tex.def
File: pdftex.def 2022/09/22 v1.2b Graphics/color driver for pdftex
))
\Gin@req@height=\dimen164
\Gin@req@width=\dimen165
)
(C:\Users\Lovro Korpar\AppData\Local\Programs\MiKTeX\tex/latex/subfig\subfig.st
y
Package: subfig 2005/06/28 ver: 1.3 subfig package

(C:\Users\Lovro Korpar\AppData\Local\Programs\MiKTeX\tex/latex/caption\caption.
sty
Package: caption 2023/03/12 v3.6j Customizing captions (AR)

(C:\Users\Lovro Korpar\AppData\Local\Programs\MiKTeX\tex/latex/caption\caption3
.sty
Package: caption3 2023/03/12 v2.4 caption3 kernel (AR)
\caption@tempdima=\dimen166
\captionmargin=\dimen167
\caption@leftmargin=\dimen168
\caption@rightmargin=\dimen169
\caption@width=\dimen170
\caption@indent=\dimen171
\caption@parindent=\dimen172
\caption@hangindent=\dimen173
Package caption Info: Standard document class detected.
)
\c@caption@flags=\count277
\c@continuedfloat=\count278
)
\c@KVtest=\count279
\sf@farskip=\skip57
\sf@captopadj=\dimen174
\sf@capskip=\skip58
\sf@nearskip=\skip59
\c@subfigure=\count280
\c@subfigure@save=\count281
\c@lofdepth=\count282
\c@subtable=\count283
\c@subtable@save=\count284
\c@lotdepth=\count285
\sf@top=\skip60
\sf@bottom=\skip61
)
(C:\Users\Lovro Korpar\AppData\Local\Programs\MiKTeX\tex/latex/wrapfig\wrapfig.
sty
\wrapoverhang=\dimen175
\WF@size=\dimen176
\c@WF@wrappedlines=\count286
\WF@box=\box58
\WF@everypar=\toks30
Package: wrapfig 2003/01/31  v 3.6
)
(C:\Users\Lovro Korpar\AppData\Local\Programs\MiKTeX\tex/latex/txfonts\txfonts.
sty
Package: txfonts 2008/01/22 v3.2.1
LaTeX Font Info:    Redeclaring symbol font `operators' on input line 21.
LaTeX Font Info:    Overwriting symbol font `operators' in version `normal'
(Font)                  OT1/cmr/m/n --> OT1/txr/m/n on input line 21.
LaTeX Font Info:    Overwriting symbol font `operators' in version `bold'
(Font)                  OT1/cmr/bx/n --> OT1/txr/m/n on input line 21.
LaTeX Font Info:    Overwriting symbol font `operators' in version `bold'
(Font)                  OT1/txr/m/n --> OT1/txr/bx/n on input line 22.
\symitalic=\mathgroup7
LaTeX Font Info:    Overwriting symbol font `italic' in version `bold'
(Font)                  OT1/txr/m/it --> OT1/txr/bx/it on input line 26.
LaTeX Font Info:    Redeclaring math alphabet \mathbf on input line 29.
LaTeX Font Info:    Overwriting math alphabet `\mathbf' in version `normal'
(Font)                  OT1/cmr/bx/n --> OT1/txr/bx/n on input line 29.
LaTeX Font Info:    Overwriting math alphabet `\mathbf' in version `bold'
(Font)                  OT1/cmr/bx/n --> OT1/txr/bx/n on input line 29.
LaTeX Font Info:    Redeclaring math alphabet \mathit on input line 30.
LaTeX Font Info:    Overwriting math alphabet `\mathit' in version `normal'
(Font)                  OT1/cmr/m/it --> OT1/txr/m/it on input line 30.
LaTeX Font Info:    Overwriting math alphabet `\mathit' in version `bold'
(Font)                  OT1/cmr/bx/it --> OT1/txr/m/it on input line 30.
LaTeX Font Info:    Overwriting math alphabet `\mathit' in version `bold'
(Font)                  OT1/txr/m/it --> OT1/txr/bx/it on input line 31.
LaTeX Font Info:    Redeclaring math alphabet \mathsf on input line 40.
LaTeX Font Info:    Overwriting math alphabet `\mathsf' in version `normal'
(Font)                  OT1/cmss/m/n --> OT1/txss/m/n on input line 40.
LaTeX Font Info:    Overwriting math alphabet `\mathsf' in version `bold'
(Font)                  OT1/cmss/bx/n --> OT1/txss/m/n on input line 40.
LaTeX Font Info:    Overwriting math alphabet `\mathsf' in version `bold'
(Font)                  OT1/txss/m/n --> OT1/txss/b/n on input line 41.
LaTeX Font Info:    Redeclaring math alphabet \mathtt on input line 50.
LaTeX Font Info:    Overwriting math alphabet `\mathtt' in version `normal'
(Font)                  OT1/cmtt/m/n --> OT1/txtt/m/n on input line 50.
LaTeX Font Info:    Overwriting math alphabet `\mathtt' in version `bold'
(Font)                  OT1/cmtt/m/n --> OT1/txtt/m/n on input line 50.
LaTeX Font Info:    Overwriting math alphabet `\mathtt' in version `bold'
(Font)                  OT1/txtt/m/n --> OT1/txtt/b/n on input line 51.
LaTeX Font Info:    Redeclaring symbol font `letters' on input line 58.
LaTeX Font Info:    Overwriting symbol font `letters' in version `normal'
(Font)                  OML/cmm/m/it --> OML/txmi/m/it on input line 58.
LaTeX Font Info:    Overwriting symbol font `letters' in version `bold'
(Font)                  OML/cmm/b/it --> OML/txmi/m/it on input line 58.
LaTeX Font Info:    Overwriting symbol font `letters' in version `bold'
(Font)                  OML/txmi/m/it --> OML/txmi/bx/it on input line 59.
\symlettersA=\mathgroup8
LaTeX Font Info:    Overwriting symbol font `lettersA' in version `bold'
(Font)                  U/txmia/m/it --> U/txmia/bx/it on input line 67.
LaTeX Font Info:    Redeclaring math alphabet \mathfrak on input line 70.
LaTeX Font Info:    Redeclaring symbol font `symbols' on input line 77.
LaTeX Font Info:    Overwriting symbol font `symbols' in version `normal'
(Font)                  OMS/cmsy/m/n --> OMS/txsy/m/n on input line 77.
LaTeX Font Info:    Overwriting symbol font `symbols' in version `bold'
(Font)                  OMS/cmsy/b/n --> OMS/txsy/m/n on input line 77.
LaTeX Font Info:    Overwriting symbol font `symbols' in version `bold'
(Font)                  OMS/txsy/m/n --> OMS/txsy/bx/n on input line 78.
LaTeX Font Info:    Redeclaring symbol font `AMSa' on input line 93.
LaTeX Font Info:    Overwriting symbol font `AMSa' in version `normal'
(Font)                  U/msa/m/n --> U/txsya/m/n on input line 93.
LaTeX Font Info:    Overwriting symbol font `AMSa' in version `bold'
(Font)                  U/msa/m/n --> U/txsya/m/n on input line 93.
LaTeX Font Info:    Overwriting symbol font `AMSa' in version `bold'
(Font)                  U/txsya/m/n --> U/txsya/bx/n on input line 94.
LaTeX Font Info:    Redeclaring symbol font `AMSb' on input line 102.
LaTeX Font Info:    Overwriting symbol font `AMSb' in version `normal'
(Font)                  U/msb/m/n --> U/txsyb/m/n on input line 102.
LaTeX Font Info:    Overwriting symbol font `AMSb' in version `bold'
(Font)                  U/msb/m/n --> U/txsyb/m/n on input line 102.
LaTeX Font Info:    Overwriting symbol font `AMSb' in version `bold'
(Font)                  U/txsyb/m/n --> U/txsyb/bx/n on input line 103.
\symsymbolsC=\mathgroup9
LaTeX Font Info:    Overwriting symbol font `symbolsC' in version `bold'
(Font)                  U/txsyc/m/n --> U/txsyc/bx/n on input line 113.
LaTeX Font Info:    Redeclaring symbol font `largesymbols' on input line 120.
LaTeX Font Info:    Overwriting symbol font `largesymbols' in version `normal'
(Font)                  OMX/cmex/m/n --> OMX/txex/m/n on input line 120.
LaTeX Font Info:    Overwriting symbol font `largesymbols' in version `bold'
(Font)                  OMX/cmex/m/n --> OMX/txex/m/n on input line 120.
LaTeX Font Info:    Overwriting symbol font `largesymbols' in version `bold'
(Font)                  OMX/txex/m/n --> OMX/txex/bx/n on input line 121.
\symlargesymbolsA=\mathgroup10
LaTeX Font Info:    Overwriting symbol font `largesymbolsA' in version `bold'
(Font)                  U/txexa/m/n --> U/txexa/bx/n on input line 129.
LaTeX Font Info:    Redeclaring math symbol \mathsterling on input line 164.
LaTeX Info: Redefining \not on input line 1043.
)
(C:\Users\Lovro Korpar\AppData\Local\Programs\MiKTeX\tex/latex/wasysym\wasysym.
sty
Package: wasysym 2020/01/19 v2.4 Wasy-2 symbol support package
\symwasy=\mathgroup11
LaTeX Font Info:    Overwriting symbol font `wasy' in version `bold'
(Font)                  U/wasy/m/n --> U/wasy/b/n on input line 93.
)
(C:\Users\Lovro Korpar\AppData\Local\Programs\MiKTeX\tex/latex/enumitem\enumite
m.sty
Package: enumitem 2019/06/20 v3.9 Customized lists
\labelindent=\skip62
\enit@outerparindent=\dimen177
\enit@toks=\toks31
\enit@inbox=\box59
\enit@count@id=\count287
\enitdp@description=\count288
)
(C:\Users\Lovro Korpar\AppData\Local\Programs\MiKTeX\tex/latex/adjustbox\adjust
box.sty
Package: adjustbox 2022/10/17 v1.3a Adjusting TeX boxes (trim, clip, ...)

(C:\Users\Lovro Korpar\AppData\Local\Programs\MiKTeX\tex/latex/xkeyval\xkeyval.
sty
Package: xkeyval 2022/06/16 v2.9 package option processing (HA)

(C:\Users\Lovro Korpar\AppData\Local\Programs\MiKTeX\tex/generic/xkeyval\xkeyva
l.tex
(C:\Users\Lovro Korpar\AppData\Local\Programs\MiKTeX\tex/generic/xkeyval\xkvuti
ls.tex
\XKV@toks=\toks32
\XKV@tempa@toks=\toks33
)
\XKV@depth=\count289
File: xkeyval.tex 2014/12/03 v2.7a key=value parser (HA)
))
(C:\Users\Lovro Korpar\AppData\Local\Programs\MiKTeX\tex/latex/adjustbox\adjcal
c.sty
Package: adjcalc 2012/05/16 v1.1 Provides advanced setlength with multiple back
-ends (calc, etex, pgfmath)
)
(C:\Users\Lovro Korpar\AppData\Local\Programs\MiKTeX\tex/latex/adjustbox\trimcl
ip.sty
Package: trimclip 2020/08/19 v1.2 Trim and clip general TeX material

(C:\Users\Lovro Korpar\AppData\Local\Programs\MiKTeX\tex/latex/collectbox\colle
ctbox.sty
Package: collectbox 2022/10/17 v0.4c Collect macro arguments as boxes
\collectedbox=\box60
)
\tc@llx=\dimen178
\tc@lly=\dimen179
\tc@urx=\dimen180
\tc@ury=\dimen181
Package trimclip Info: Using driver 'tc-pdftex.def'.

(C:\Users\Lovro Korpar\AppData\Local\Programs\MiKTeX\tex/latex/adjustbox\tc-pdf
tex.def
File: tc-pdftex.def 2019/01/04 v2.2 Clipping driver for pdftex
))
\adjbox@Width=\dimen182
\adjbox@Height=\dimen183
\adjbox@Depth=\dimen184
\adjbox@Totalheight=\dimen185
\adjbox@pwidth=\dimen186
\adjbox@pheight=\dimen187
\adjbox@pdepth=\dimen188
\adjbox@ptotalheight=\dimen189

(C:\Users\Lovro Korpar\AppData\Local\Programs\MiKTeX\tex/latex/ifoddpage\ifoddp
age.sty
Package: ifoddpage 2022/10/18 v1.2 Conditionals for odd/even page detection
\c@checkoddpage=\count290
)
(C:\Users\Lovro Korpar\AppData\Local\Programs\MiKTeX\tex/latex/varwidth\varwidt
h.sty
Package: varwidth 2009/03/30 ver 0.92;  Variable-width minipages
\@vwid@box=\box61
\sift@deathcycles=\count291
\@vwid@loff=\dimen190
\@vwid@roff=\dimen191
))
(C:\Users\Lovro Korpar\AppData\Local\Programs\MiKTeX\tex/latex/ragged2e\ragged2
e.sty
Package: ragged2e 2023/04/04 v3.5 ragged2e Package
\CenteringLeftskip=\skip63
\RaggedLeftLeftskip=\skip64
\RaggedRightLeftskip=\skip65
\CenteringRightskip=\skip66
\RaggedLeftRightskip=\skip67
\RaggedRightRightskip=\skip68
\CenteringParfillskip=\skip69
\RaggedLeftParfillskip=\skip70
\RaggedRightParfillskip=\skip71
\JustifyingParfillskip=\skip72
\CenteringParindent=\skip73
\RaggedLeftParindent=\skip74
\RaggedRightParindent=\skip75
\JustifyingParindent=\skip76
)
(C:\Users\Lovro Korpar\AppData\Local\Programs\MiKTeX\tex/latex/xcolor\xcolor.st
y
Package: xcolor 2022/06/12 v2.14 LaTeX color extensions (UK)

(C:\Users\Lovro Korpar\AppData\Local\Programs\MiKTeX\tex/latex/graphics-cfg\col
or.cfg
File: color.cfg 2016/01/02 v1.6 sample color configuration
)
Package xcolor Info: Driver file: pdftex.def on input line 227.

(C:\Users\Lovro Korpar\AppData\Local\Programs\MiKTeX\tex/latex/colortbl\colortb
l.sty
Package: colortbl 2022/06/20 v1.0f Color table columns (DPC)
\everycr=\toks34
\minrowclearance=\skip77
\rownum=\count292
)
(C:\Users\Lovro Korpar\AppData\Local\Programs\MiKTeX\tex/latex/graphics\mathcol
or.ltx)
Package xcolor Info: Model `cmy' substituted by `cmy0' on input line 1353.
Package xcolor Info: Model `hsb' substituted by `rgb' on input line 1357.
Package xcolor Info: Model `RGB' extended on input line 1369.
Package xcolor Info: Model `HTML' substituted by `rgb' on input line 1371.
Package xcolor Info: Model `Hsb' substituted by `hsb' on input line 1372.
Package xcolor Info: Model `tHsb' substituted by `hsb' on input line 1373.
Package xcolor Info: Model `HSB' substituted by `hsb' on input line 1374.
Package xcolor Info: Model `Gray' substituted by `gray' on input line 1375.
Package xcolor Info: Model `wave' substituted by `hsb' on input line 1376.

(C:\Users\Lovro Korpar\AppData\Local\Programs\MiKTeX\tex/latex/xcolor\svgnam.de
f
File: svgnam.def 2022/06/12 v2.14 Predefined colors according to SVG 1.1 (UK)
))
(C:\Users\Lovro Korpar\AppData\Local\Programs\MiKTeX\tex/latex/pgf/frontendlaye
r\tikz.sty
(C:\Users\Lovro Korpar\AppData\Local\Programs\MiKTeX\tex/latex/pgf/basiclayer\p
gf.sty
(C:\Users\Lovro Korpar\AppData\Local\Programs\MiKTeX\tex/latex/pgf/utilities\pg
frcs.sty
(C:\Users\Lovro Korpar\AppData\Local\Programs\MiKTeX\tex/generic/pgf/utilities\
pgfutil-common.tex
\pgfutil@everybye=\toks35
\pgfutil@tempdima=\dimen192
\pgfutil@tempdimb=\dimen193
)
(C:\Users\Lovro Korpar\AppData\Local\Programs\MiKTeX\tex/generic/pgf/utilities\
pgfutil-latex.def
\pgfutil@abb=\box62
)
(C:\Users\Lovro Korpar\AppData\Local\Programs\MiKTeX\tex/generic/pgf/utilities\
pgfrcs.code.tex
(C:\Users\Lovro Korpar\AppData\Local\Programs\MiKTeX\tex/generic/pgf\pgf.revisi
on.tex)
Package: pgfrcs 2023-01-15 v3.1.10 (3.1.10)
))
Package: pgf 2023-01-15 v3.1.10 (3.1.10)

(C:\Users\Lovro Korpar\AppData\Local\Programs\MiKTeX\tex/latex/pgf/basiclayer\p
gfcore.sty
(C:\Users\Lovro Korpar\AppData\Local\Programs\MiKTeX\tex/latex/pgf/systemlayer\
pgfsys.sty
(C:\Users\Lovro Korpar\AppData\Local\Programs\MiKTeX\tex/generic/pgf/systemlaye
r\pgfsys.code.tex
Package: pgfsys 2023-01-15 v3.1.10 (3.1.10)

(C:\Users\Lovro Korpar\AppData\Local\Programs\MiKTeX\tex/generic/pgf/utilities\
pgfkeys.code.tex
\pgfkeys@pathtoks=\toks36
\pgfkeys@temptoks=\toks37

(C:\Users\Lovro Korpar\AppData\Local\Programs\MiKTeX\tex/generic/pgf/utilities\
pgfkeyslibraryfiltered.code.tex
\pgfkeys@tmptoks=\toks38
))
\pgf@x=\dimen194
\pgf@y=\dimen195
\pgf@xa=\dimen196
\pgf@ya=\dimen197
\pgf@xb=\dimen198
\pgf@yb=\dimen199
\pgf@xc=\dimen256
\pgf@yc=\dimen257
\pgf@xd=\dimen258
\pgf@yd=\dimen259
\w@pgf@writea=\write3
\r@pgf@reada=\read2
\c@pgf@counta=\count293
\c@pgf@countb=\count294
\c@pgf@countc=\count295
\c@pgf@countd=\count296
\t@pgf@toka=\toks39
\t@pgf@tokb=\toks40
\t@pgf@tokc=\toks41
\pgf@sys@id@count=\count297

(C:\Users\Lovro Korpar\AppData\Local\Programs\MiKTeX\tex/generic/pgf/systemlaye
r\pgf.cfg
File: pgf.cfg 2023-01-15 v3.1.10 (3.1.10)
)
Driver file for pgf: pgfsys-pdftex.def

(C:\Users\Lovro Korpar\AppData\Local\Programs\MiKTeX\tex/generic/pgf/systemlaye
r\pgfsys-pdftex.def
File: pgfsys-pdftex.def 2023-01-15 v3.1.10 (3.1.10)

(C:\Users\Lovro Korpar\AppData\Local\Programs\MiKTeX\tex/generic/pgf/systemlaye
r\pgfsys-common-pdf.def
File: pgfsys-common-pdf.def 2023-01-15 v3.1.10 (3.1.10)
)))
(C:\Users\Lovro Korpar\AppData\Local\Programs\MiKTeX\tex/generic/pgf/systemlaye
r\pgfsyssoftpath.code.tex
File: pgfsyssoftpath.code.tex 2023-01-15 v3.1.10 (3.1.10)
\pgfsyssoftpath@smallbuffer@items=\count298
\pgfsyssoftpath@bigbuffer@items=\count299
)
(C:\Users\Lovro Korpar\AppData\Local\Programs\MiKTeX\tex/generic/pgf/systemlaye
r\pgfsysprotocol.code.tex
File: pgfsysprotocol.code.tex 2023-01-15 v3.1.10 (3.1.10)
))
(C:\Users\Lovro Korpar\AppData\Local\Programs\MiKTeX\tex/generic/pgf/basiclayer
\pgfcore.code.tex
Package: pgfcore 2023-01-15 v3.1.10 (3.1.10)

(C:\Users\Lovro Korpar\AppData\Local\Programs\MiKTeX\tex/generic/pgf/math\pgfma
th.code.tex
(C:\Users\Lovro Korpar\AppData\Local\Programs\MiKTeX\tex/generic/pgf/math\pgfma
thutil.code.tex)
(C:\Users\Lovro Korpar\AppData\Local\Programs\MiKTeX\tex/generic/pgf/math\pgfma
thparser.code.tex
\pgfmath@dimen=\dimen260
\pgfmath@count=\count300
\pgfmath@box=\box63
\pgfmath@toks=\toks42
\pgfmath@stack@operand=\toks43
\pgfmath@stack@operation=\toks44
)
(C:\Users\Lovro Korpar\AppData\Local\Programs\MiKTeX\tex/generic/pgf/math\pgfma
thfunctions.code.tex)
(C:\Users\Lovro Korpar\AppData\Local\Programs\MiKTeX\tex/generic/pgf/math\pgfma
thfunctions.basic.code.tex)
(C:\Users\Lovro Korpar\AppData\Local\Programs\MiKTeX\tex/generic/pgf/math\pgfma
thfunctions.trigonometric.code.tex)
(C:\Users\Lovro Korpar\AppData\Local\Programs\MiKTeX\tex/generic/pgf/math\pgfma
thfunctions.random.code.tex)
(C:\Users\Lovro Korpar\AppData\Local\Programs\MiKTeX\tex/generic/pgf/math\pgfma
thfunctions.comparison.code.tex)
(C:\Users\Lovro Korpar\AppData\Local\Programs\MiKTeX\tex/generic/pgf/math\pgfma
thfunctions.base.code.tex)
(C:\Users\Lovro Korpar\AppData\Local\Programs\MiKTeX\tex/generic/pgf/math\pgfma
thfunctions.round.code.tex)
(C:\Users\Lovro Korpar\AppData\Local\Programs\MiKTeX\tex/generic/pgf/math\pgfma
thfunctions.misc.code.tex)
(C:\Users\Lovro Korpar\AppData\Local\Programs\MiKTeX\tex/generic/pgf/math\pgfma
thfunctions.integerarithmetics.code.tex)
(C:\Users\Lovro Korpar\AppData\Local\Programs\MiKTeX\tex/generic/pgf/math\pgfma
thcalc.code.tex)
(C:\Users\Lovro Korpar\AppData\Local\Programs\MiKTeX\tex/generic/pgf/math\pgfma
thfloat.code.tex
\c@pgfmathroundto@lastzeros=\count301
))
(C:\Users\Lovro Korpar\AppData\Local\Programs\MiKTeX\tex/generic/pgf/math\pgfin
t.code.tex)
(C:\Users\Lovro Korpar\AppData\Local\Programs\MiKTeX\tex/generic/pgf/basiclayer
\pgfcorepoints.code.tex
File: pgfcorepoints.code.tex 2023-01-15 v3.1.10 (3.1.10)
\pgf@picminx=\dimen261
\pgf@picmaxx=\dimen262
\pgf@picminy=\dimen263
\pgf@picmaxy=\dimen264
\pgf@pathminx=\dimen265
\pgf@pathmaxx=\dimen266
\pgf@pathminy=\dimen267
\pgf@pathmaxy=\dimen268
\pgf@xx=\dimen269
\pgf@xy=\dimen270
\pgf@yx=\dimen271
\pgf@yy=\dimen272
\pgf@zx=\dimen273
\pgf@zy=\dimen274
)
(C:\Users\Lovro Korpar\AppData\Local\Programs\MiKTeX\tex/generic/pgf/basiclayer
\pgfcorepathconstruct.code.tex
File: pgfcorepathconstruct.code.tex 2023-01-15 v3.1.10 (3.1.10)
\pgf@path@lastx=\dimen275
\pgf@path@lasty=\dimen276
)
(C:\Users\Lovro Korpar\AppData\Local\Programs\MiKTeX\tex/generic/pgf/basiclayer
\pgfcorepathusage.code.tex
File: pgfcorepathusage.code.tex 2023-01-15 v3.1.10 (3.1.10)
\pgf@shorten@end@additional=\dimen277
\pgf@shorten@start@additional=\dimen278
)
(C:\Users\Lovro Korpar\AppData\Local\Programs\MiKTeX\tex/generic/pgf/basiclayer
\pgfcorescopes.code.tex
File: pgfcorescopes.code.tex 2023-01-15 v3.1.10 (3.1.10)
\pgfpic=\box64
\pgf@hbox=\box65
\pgf@layerbox@main=\box66
\pgf@picture@serial@count=\count302
)
(C:\Users\Lovro Korpar\AppData\Local\Programs\MiKTeX\tex/generic/pgf/basiclayer
\pgfcoregraphicstate.code.tex
File: pgfcoregraphicstate.code.tex 2023-01-15 v3.1.10 (3.1.10)
\pgflinewidth=\dimen279
)
(C:\Users\Lovro Korpar\AppData\Local\Programs\MiKTeX\tex/generic/pgf/basiclayer
\pgfcoretransformations.code.tex
File: pgfcoretransformations.code.tex 2023-01-15 v3.1.10 (3.1.10)
\pgf@pt@x=\dimen280
\pgf@pt@y=\dimen281
\pgf@pt@temp=\dimen282
)
(C:\Users\Lovro Korpar\AppData\Local\Programs\MiKTeX\tex/generic/pgf/basiclayer
\pgfcorequick.code.tex
File: pgfcorequick.code.tex 2023-01-15 v3.1.10 (3.1.10)
)
(C:\Users\Lovro Korpar\AppData\Local\Programs\MiKTeX\tex/generic/pgf/basiclayer
\pgfcoreobjects.code.tex
File: pgfcoreobjects.code.tex 2023-01-15 v3.1.10 (3.1.10)
)
(C:\Users\Lovro Korpar\AppData\Local\Programs\MiKTeX\tex/generic/pgf/basiclayer
\pgfcorepathprocessing.code.tex
File: pgfcorepathprocessing.code.tex 2023-01-15 v3.1.10 (3.1.10)
)
(C:\Users\Lovro Korpar\AppData\Local\Programs\MiKTeX\tex/generic/pgf/basiclayer
\pgfcorearrows.code.tex
File: pgfcorearrows.code.tex 2023-01-15 v3.1.10 (3.1.10)
\pgfarrowsep=\dimen283
)
(C:\Users\Lovro Korpar\AppData\Local\Programs\MiKTeX\tex/generic/pgf/basiclayer
\pgfcoreshade.code.tex
File: pgfcoreshade.code.tex 2023-01-15 v3.1.10 (3.1.10)
\pgf@max=\dimen284
\pgf@sys@shading@range@num=\count303
\pgf@shadingcount=\count304
)
(C:\Users\Lovro Korpar\AppData\Local\Programs\MiKTeX\tex/generic/pgf/basiclayer
\pgfcoreimage.code.tex
File: pgfcoreimage.code.tex 2023-01-15 v3.1.10 (3.1.10)
)
(C:\Users\Lovro Korpar\AppData\Local\Programs\MiKTeX\tex/generic/pgf/basiclayer
\pgfcoreexternal.code.tex
File: pgfcoreexternal.code.tex 2023-01-15 v3.1.10 (3.1.10)
\pgfexternal@startupbox=\box67
)
(C:\Users\Lovro Korpar\AppData\Local\Programs\MiKTeX\tex/generic/pgf/basiclayer
\pgfcorelayers.code.tex
File: pgfcorelayers.code.tex 2023-01-15 v3.1.10 (3.1.10)
)
(C:\Users\Lovro Korpar\AppData\Local\Programs\MiKTeX\tex/generic/pgf/basiclayer
\pgfcoretransparency.code.tex
File: pgfcoretransparency.code.tex 2023-01-15 v3.1.10 (3.1.10)
)
(C:\Users\Lovro Korpar\AppData\Local\Programs\MiKTeX\tex/generic/pgf/basiclayer
\pgfcorepatterns.code.tex
File: pgfcorepatterns.code.tex 2023-01-15 v3.1.10 (3.1.10)
)
(C:\Users\Lovro Korpar\AppData\Local\Programs\MiKTeX\tex/generic/pgf/basiclayer
\pgfcorerdf.code.tex
File: pgfcorerdf.code.tex 2023-01-15 v3.1.10 (3.1.10)
)))
(C:\Users\Lovro Korpar\AppData\Local\Programs\MiKTeX\tex/generic/pgf/modules\pg
fmoduleshapes.code.tex
File: pgfmoduleshapes.code.tex 2023-01-15 v3.1.10 (3.1.10)
\pgfnodeparttextbox=\box68
)
(C:\Users\Lovro Korpar\AppData\Local\Programs\MiKTeX\tex/generic/pgf/modules\pg
fmoduleplot.code.tex
File: pgfmoduleplot.code.tex 2023-01-15 v3.1.10 (3.1.10)
)
(C:\Users\Lovro Korpar\AppData\Local\Programs\MiKTeX\tex/latex/pgf/compatibilit
y\pgfcomp-version-0-65.sty
Package: pgfcomp-version-0-65 2023-01-15 v3.1.10 (3.1.10)
\pgf@nodesepstart=\dimen285
\pgf@nodesepend=\dimen286
)
(C:\Users\Lovro Korpar\AppData\Local\Programs\MiKTeX\tex/latex/pgf/compatibilit
y\pgfcomp-version-1-18.sty
Package: pgfcomp-version-1-18 2023-01-15 v3.1.10 (3.1.10)
))
(C:\Users\Lovro Korpar\AppData\Local\Programs\MiKTeX\tex/latex/pgf/utilities\pg
ffor.sty
(C:\Users\Lovro Korpar\AppData\Local\Programs\MiKTeX\tex/latex/pgf/utilities\pg
fkeys.sty
(C:\Users\Lovro Korpar\AppData\Local\Programs\MiKTeX\tex/generic/pgf/utilities\
pgfkeys.code.tex))
(C:\Users\Lovro Korpar\AppData\Local\Programs\MiKTeX\tex/latex/pgf/math\pgfmath
.sty
(C:\Users\Lovro Korpar\AppData\Local\Programs\MiKTeX\tex/generic/pgf/math\pgfma
th.code.tex))
(C:\Users\Lovro Korpar\AppData\Local\Programs\MiKTeX\tex/generic/pgf/utilities\
pgffor.code.tex
Package: pgffor 2023-01-15 v3.1.10 (3.1.10)
\pgffor@iter=\dimen287
\pgffor@skip=\dimen288
\pgffor@stack=\toks45
\pgffor@toks=\toks46
))
(C:\Users\Lovro Korpar\AppData\Local\Programs\MiKTeX\tex/generic/pgf/frontendla
yer/tikz\tikz.code.tex
Package: tikz 2023-01-15 v3.1.10 (3.1.10)

(C:\Users\Lovro Korpar\AppData\Local\Programs\MiKTeX\tex/generic/pgf/libraries\
pgflibraryplothandlers.code.tex
File: pgflibraryplothandlers.code.tex 2023-01-15 v3.1.10 (3.1.10)
\pgf@plot@mark@count=\count305
\pgfplotmarksize=\dimen289
)
\tikz@lastx=\dimen290
\tikz@lasty=\dimen291
\tikz@lastxsaved=\dimen292
\tikz@lastysaved=\dimen293
\tikz@lastmovetox=\dimen294
\tikz@lastmovetoy=\dimen295
\tikzleveldistance=\dimen296
\tikzsiblingdistance=\dimen297
\tikz@figbox=\box69
\tikz@figbox@bg=\box70
\tikz@tempbox=\box71
\tikz@tempbox@bg=\box72
\tikztreelevel=\count306
\tikznumberofchildren=\count307
\tikznumberofcurrentchild=\count308
\tikz@fig@count=\count309

(C:\Users\Lovro Korpar\AppData\Local\Programs\MiKTeX\tex/generic/pgf/modules\pg
fmodulematrix.code.tex
File: pgfmodulematrix.code.tex 2023-01-15 v3.1.10 (3.1.10)
\pgfmatrixcurrentrow=\count310
\pgfmatrixcurrentcolumn=\count311
\pgf@matrix@numberofcolumns=\count312
)
\tikz@expandcount=\count313

(C:\Users\Lovro Korpar\AppData\Local\Programs\MiKTeX\tex/generic/pgf/frontendla
yer/tikz/libraries\tikzlibrarytopaths.code.tex
File: tikzlibrarytopaths.code.tex 2023-01-15 v3.1.10 (3.1.10)
)))
(C:\Users\Lovro Korpar\AppData\Local\Programs\MiKTeX\tex/latex/tools\longtable.
sty
Package: longtable 2021-09-01 v4.17 Multi-page Table package (DPC)
\LTleft=\skip78
\LTright=\skip79
\LTpre=\skip80
\LTpost=\skip81
\LTchunksize=\count314
\LTcapwidth=\dimen298
\LT@head=\box73
\LT@firsthead=\box74
\LT@foot=\box75
\LT@lastfoot=\box76
\LT@gbox=\box77
\LT@cols=\count315
\LT@rows=\count316
\c@LT@tables=\count317
\c@LT@chunks=\count318
\LT@p@ftn=\toks47
)
(C:\Users\Lovro Korpar\AppData\Local\Programs\MiKTeX\tex/latex/setspace\setspac
e.sty
Package: setspace 2022/12/04 v6.7b set line spacing
)
(C:\Users\Lovro Korpar\AppData\Local\Programs\MiKTeX\tex/latex/tools\hhline.sty
Package: hhline 2020/01/04 v2.04 Table rule package (DPC)
)
(C:\Users\Lovro Korpar\AppData\Local\Programs\MiKTeX\tex/latex/tools\multicol.s
ty
Package: multicol 2021/11/30 v1.9d multicolumn formatting (FMi)
\c@tracingmulticols=\count319
\mult@box=\box78
\multicol@leftmargin=\dimen299
\c@unbalance=\count320
\c@collectmore=\count321
\doublecol@number=\count322
\multicoltolerance=\count323
\multicolpretolerance=\count324
\full@width=\dimen300
\page@free=\dimen301
\premulticols=\dimen302
\postmulticols=\dimen303
\multicolsep=\skip82
\multicolbaselineskip=\skip83
\partial@page=\box79
\last@line=\box80
\maxbalancingoverflow=\dimen304
\mult@rightbox=\box81
\mult@grightbox=\box82
\mult@firstbox=\box83
\mult@gfirstbox=\box84
\@tempa=\box85
\@tempa=\box86
\@tempa=\box87
\@tempa=\box88
\@tempa=\box89
\@tempa=\box90
\@tempa=\box91
\@tempa=\box92
\@tempa=\box93
\@tempa=\box94
\@tempa=\box95
\@tempa=\box96
\@tempa=\box97
\@tempa=\box98
\@tempa=\box99
\@tempa=\box100
\@tempa=\box101
\@tempa=\box102
\@tempa=\box103
\@tempa=\box104
\@tempa=\box105
\@tempa=\box106
\@tempa=\box107
\@tempa=\box108
\@tempa=\box109
\@tempa=\box110
\@tempa=\box111
\@tempa=\box112
\@tempa=\box113
\@tempa=\box114
\@tempa=\box115
\@tempa=\box116
\@tempa=\box117
\@tempa=\box118
\@tempa=\box119
\@tempa=\box120
\c@minrows=\count325
\c@columnbadness=\count326
\c@finalcolumnbadness=\count327
\last@try=\dimen305
\multicolovershoot=\dimen306
\multicolundershoot=\dimen307
\mult@nat@firstbox=\box121
\colbreak@box=\box122
\mc@col@check@num=\count328
)
(C:\Users\Lovro Korpar\AppData\Local\Programs\MiKTeX\tex/latex/tabto-ltx\tabto.
sty
Package: tabto 2018/12/28  v 1.4  Another tabbing mechanism
\CurrentLineWidth=\dimen308
\TabPrevPos=\dimen309
)
(C:\Users\Lovro Korpar\AppData\Local\Programs\MiKTeX\tex/latex/float\float.sty
Package: float 2001/11/08 v1.3d Float enhancements (AL)
\c@float@type=\count329
\float@exts=\toks48
\float@box=\box123
\@float@everytoks=\toks49
\@floatcapt=\box124
)
(C:\Users\Lovro Korpar\AppData\Local\Programs\MiKTeX\tex/latex/multirow\multiro
w.sty
Package: multirow 2021/03/15 v2.8 Span multiple rows of a table
\multirow@colwidth=\skip84
\multirow@cntb=\count330
\multirow@dima=\skip85
\bigstrutjot=\dimen310
)
(C:\Users\Lovro Korpar\AppData\Local\Programs\MiKTeX\tex/latex/makecell\makecel
l.sty
Package: makecell 2009/08/03 V0.1e Managing of Tab Column Heads and Cells
\rotheadsize=\dimen311
\c@nlinenum=\count331
\TeXr@lab=\toks50
)
(C:\Users\Lovro Korpar\AppData\Local\Programs\MiKTeX\tex/latex/fancyhdr\fancyhd
r.sty
Package: fancyhdr 2022/11/09 v4.1 Extensive control of page headers and footers

\f@nch@headwidth=\skip86
\f@nch@O@elh=\skip87
\f@nch@O@erh=\skip88
\f@nch@O@olh=\skip89
\f@nch@O@orh=\skip90
\f@nch@O@elf=\skip91
\f@nch@O@erf=\skip92
\f@nch@O@olf=\skip93
\f@nch@O@orf=\skip94
)
(C:\Users\Lovro Korpar\AppData\Local\Programs\MiKTeX\tex/latex/appendix\appendi
x.sty
Package: appendix 2020/02/08 v1.2c extra appendix facilities
\c@@pps=\count332
\c@@ppsavesec=\count333
\c@@ppsaveapp=\count334
)
(C:\Users\Lovro Korpar\AppData\Local\Programs\MiKTeX\tex/latex/hyperref\hyperre
f.sty
Package: hyperref 2023-02-07 v7.00v Hypertext links for LaTeX

(C:\Users\Lovro Korpar\AppData\Local\Programs\MiKTeX\tex/generic/ltxcmds\ltxcmd
s.sty
Package: ltxcmds 2020-05-10 v1.25 LaTeX kernel commands for general use (HO)
)
(C:\Users\Lovro Korpar\AppData\Local\Programs\MiKTeX\tex/generic/pdftexcmds\pdf
texcmds.sty
Package: pdftexcmds 2020-06-27 v0.33 Utility functions of pdfTeX for LuaTeX (HO
)
Package pdftexcmds Info: \pdf@primitive is available.
Package pdftexcmds Info: \pdf@ifprimitive is available.
Package pdftexcmds Info: \pdfdraftmode found.
)
(C:\Users\Lovro Korpar\AppData\Local\Programs\MiKTeX\tex/latex/kvsetkeys\kvsetk
eys.sty
Package: kvsetkeys 2022-10-05 v1.19 Key value parser (HO)
)
(C:\Users\Lovro Korpar\AppData\Local\Programs\MiKTeX\tex/generic/kvdefinekeys\k
vdefinekeys.sty
Package: kvdefinekeys 2019-12-19 v1.6 Define keys (HO)
)
(C:\Users\Lovro Korpar\AppData\Local\Programs\MiKTeX\tex/generic/pdfescape\pdfe
scape.sty
Package: pdfescape 2019/12/09 v1.15 Implements pdfTeX's escape features (HO)
)
(C:\Users\Lovro Korpar\AppData\Local\Programs\MiKTeX\tex/latex/hycolor\hycolor.
sty
Package: hycolor 2020-01-27 v1.10 Color options for hyperref/bookmark (HO)
)
(C:\Users\Lovro Korpar\AppData\Local\Programs\MiKTeX\tex/latex/letltxmacro\letl
txmacro.sty
Package: letltxmacro 2019/12/03 v1.6 Let assignment for LaTeX macros (HO)
)
(C:\Users\Lovro Korpar\AppData\Local\Programs\MiKTeX\tex/latex/auxhook\auxhook.
sty
Package: auxhook 2019-12-17 v1.6 Hooks for auxiliary files (HO)
)
(C:\Users\Lovro Korpar\AppData\Local\Programs\MiKTeX\tex/latex/hyperref\nameref
.sty
Package: nameref 2022-05-17 v2.50 Cross-referencing by name of section

(C:\Users\Lovro Korpar\AppData\Local\Programs\MiKTeX\tex/latex/refcount\refcoun
t.sty
Package: refcount 2019/12/15 v3.6 Data extraction from label references (HO)
)
(C:\Users\Lovro Korpar\AppData\Local\Programs\MiKTeX\tex/generic/gettitlestring
\gettitlestring.sty
Package: gettitlestring 2019/12/15 v1.6 Cleanup title references (HO)

(C:\Users\Lovro Korpar\AppData\Local\Programs\MiKTeX\tex/latex/kvoptions\kvopti
ons.sty
Package: kvoptions 2022-06-15 v3.15 Key value format for package options (HO)
))
\c@section@level=\count335
)
\@linkdim=\dimen312
\Hy@linkcounter=\count336
\Hy@pagecounter=\count337

(C:\Users\Lovro Korpar\AppData\Local\Programs\MiKTeX\tex/latex/hyperref\pd1enc.
def
File: pd1enc.def 2023-02-07 v7.00v Hyperref: PDFDocEncoding definition (HO)
Now handling font encoding PD1 ...
... no UTF-8 mapping file for font encoding PD1
)
(C:\Users\Lovro Korpar\AppData\Local\Programs\MiKTeX\tex/generic/intcalc\intcal
c.sty
Package: intcalc 2019/12/15 v1.3 Expandable calculations with integers (HO)
)
\Hy@SavedSpaceFactor=\count338

(C:\Users\Lovro Korpar\AppData\Local\Programs\MiKTeX\tex/latex/hyperref\puenc.d
ef
File: puenc.def 2023-02-07 v7.00v Hyperref: PDF Unicode definition (HO)
Now handling font encoding PU ...
... no UTF-8 mapping file for font encoding PU
)
Package hyperref Info: Hyper figures OFF on input line 4177.
Package hyperref Info: Link nesting OFF on input line 4182.
Package hyperref Info: Hyper index ON on input line 4185.
Package hyperref Info: Plain pages OFF on input line 4192.
Package hyperref Info: Backreferencing OFF on input line 4197.
Package hyperref Info: Implicit mode ON; LaTeX internals redefined.
Package hyperref Info: Bookmarks ON on input line 4425.
\c@Hy@tempcnt=\count339
 (C:\Users\Lovro Korpar\AppData\Local\Programs\MiKTeX\tex/latex/url\url.sty
\Urlmuskip=\muskip17
Package: url 2013/09/16  ver 3.4  Verb mode for urls, etc.
)
LaTeX Info: Redefining \url on input line 4763.
\XeTeXLinkMargin=\dimen313

(C:\Users\Lovro Korpar\AppData\Local\Programs\MiKTeX\tex/generic/bitset\bitset.
sty
Package: bitset 2019/12/09 v1.3 Handle bit-vector datatype (HO)

(C:\Users\Lovro Korpar\AppData\Local\Programs\MiKTeX\tex/generic/bigintcalc\big
intcalc.sty
Package: bigintcalc 2019/12/15 v1.5 Expandable calculations on big integers (HO
)
))
\Fld@menulength=\count340
\Field@Width=\dimen314
\Fld@charsize=\dimen315
Package hyperref Info: Hyper figures OFF on input line 6042.
Package hyperref Info: Link nesting OFF on input line 6047.
Package hyperref Info: Hyper index ON on input line 6050.
Package hyperref Info: backreferencing OFF on input line 6057.
Package hyperref Info: Link coloring OFF on input line 6062.
Package hyperref Info: Link coloring with OCG OFF on input line 6067.
Package hyperref Info: PDF/A mode OFF on input line 6072.

(C:\Users\Lovro Korpar\AppData\Local\Programs\MiKTeX\tex/latex/base\atbegshi-lt
x.sty
Package: atbegshi-ltx 2021/01/10 v1.0c Emulation of the original atbegshi
package with kernel methods
)
\Hy@abspage=\count341
\c@Item=\count342
\c@Hfootnote=\count343
)
Package hyperref Info: Driver (autodetected): hpdftex.

(C:\Users\Lovro Korpar\AppData\Local\Programs\MiKTeX\tex/latex/hyperref\hpdftex
.def
File: hpdftex.def 2023-02-07 v7.00v Hyperref driver for pdfTeX

(C:\Users\Lovro Korpar\AppData\Local\Programs\MiKTeX\tex/latex/base\atveryend-l
tx.sty
Package: atveryend-ltx 2020/08/19 v1.0a Emulation of the original atveryend pac
kage
with kernel methods
)
\Fld@listcount=\count344
\c@bookmark@seq@number=\count345

(C:\Users\Lovro Korpar\AppData\Local\Programs\MiKTeX\tex/latex/rerunfilecheck\r
erunfilecheck.sty
Package: rerunfilecheck 2022-07-10 v1.10 Rerun checks for auxiliary files (HO)

(C:\Users\Lovro Korpar\AppData\Local\Programs\MiKTeX\tex/generic/uniquecounter\
uniquecounter.sty
Package: uniquecounter 2019/12/15 v1.4 Provide unlimited unique counter (HO)
)
Package uniquecounter Info: New unique counter `rerunfilecheck' on input line 2
85.
)
\Hy@SectionHShift=\skip95
)
(C:\Users\Lovro Korpar\AppData\Local\Programs\MiKTeX\tex/generic/pgf/frontendla
yer/tikz/libraries\tikzlibraryshapes.symbols.code.tex
File: tikzlibraryshapes.symbols.code.tex 2023-01-15 v3.1.10 (3.1.10)

(C:\Users\Lovro Korpar\AppData\Local\Programs\MiKTeX\tex/generic/pgf/libraries/
shapes\pgflibraryshapes.symbols.code.tex
File: pgflibraryshapes.symbols.code.tex 2023-01-15 v3.1.10 (3.1.10)
))
(C:\Users\Lovro Korpar\AppData\Local\Programs\MiKTeX\tex/generic/pgf/frontendla
yer/tikz/libraries\tikzlibraryshapes.geometric.code.tex
File: tikzlibraryshapes.geometric.code.tex 2023-01-15 v3.1.10 (3.1.10)

(C:\Users\Lovro Korpar\AppData\Local\Programs\MiKTeX\tex/generic/pgf/libraries/
shapes\pgflibraryshapes.geometric.code.tex
File: pgflibraryshapes.geometric.code.tex 2023-01-15 v3.1.10 (3.1.10)
))
(C:\Users\Lovro Korpar\AppData\Local\Programs\MiKTeX\tex/generic/pgf/frontendla
yer/tikz/libraries\tikzlibraryshadows.code.tex
File: tikzlibraryshadows.code.tex 2023-01-15 v3.1.10 (3.1.10)

(C:\Users\Lovro Korpar\AppData\Local\Programs\MiKTeX\tex/generic/pgf/frontendla
yer/tikz/libraries\tikzlibraryfadings.code.tex
File: tikzlibraryfadings.code.tex 2023-01-15 v3.1.10 (3.1.10)

(C:\Users\Lovro Korpar\AppData\Local\Programs\MiKTeX\tex/generic/pgf/libraries\
pgflibraryfadings.code.tex
File: pgflibraryfadings.code.tex 2023-01-15 v3.1.10 (3.1.10)
)))
(C:\Users\Lovro Korpar\AppData\Local\Programs\MiKTeX\tex/generic/pgf/libraries\
pgflibraryarrows.meta.code.tex
File: pgflibraryarrows.meta.code.tex 2023-01-15 v3.1.10 (3.1.10)
\pgfarrowinset=\dimen316
\pgfarrowlength=\dimen317
\pgfarrowwidth=\dimen318
\pgfarrowlinewidth=\dimen319
)
(C:\Users\Lovro Korpar\AppData\Local\Programs\MiKTeX\tex/latex/flowchart\flowch
art.sty
Package: flowchart 2015/03/19 3.3 Flowchart shapes for TikZ

(C:\Users\Lovro Korpar\AppData\Local\Programs\MiKTeX\tex/latex/makeshape\makesh
ape.sty
Package: makeshape 2013/01/25 2.1 Making custom shapes for PGF/TikZ

(C:\Users\Lovro Korpar\AppData\Local\Programs\MiKTeX\tex/generic/pgf/libraries\
pgflibraryintersections.code.tex
(C:\Users\Lovro Korpar\AppData\Local\Programs\MiKTeX\tex/generic/pgf/libraries\
pgflibraryfpu.code.tex)
\pgf@intersect@solutions=\count346
)
\crct@dim=\dimen320
)
(C:\Users\Lovro Korpar\AppData\Local\Programs\MiKTeX\tex/generic/pgf/frontendla
yer/tikz/libraries\tikzlibraryshapes.code.tex
File: tikzlibraryshapes.code.tex 2023-01-15 v3.1.10 (3.1.10)

(C:\Users\Lovro Korpar\AppData\Local\Programs\MiKTeX\tex/generic/pgf/frontendla
yer/tikz/libraries\tikzlibraryshapes.misc.code.tex
File: tikzlibraryshapes.misc.code.tex 2023-01-15 v3.1.10 (3.1.10)

(C:\Users\Lovro Korpar\AppData\Local\Programs\MiKTeX\tex/generic/pgf/libraries/
shapes\pgflibraryshapes.misc.code.tex
File: pgflibraryshapes.misc.code.tex 2023-01-15 v3.1.10 (3.1.10)
))
(C:\Users\Lovro Korpar\AppData\Local\Programs\MiKTeX\tex/generic/pgf/frontendla
yer/tikz/libraries\tikzlibraryshapes.arrows.code.tex
File: tikzlibraryshapes.arrows.code.tex 2023-01-15 v3.1.10 (3.1.10)

(C:\Users\Lovro Korpar\AppData\Local\Programs\MiKTeX\tex/generic/pgf/libraries/
shapes\pgflibraryshapes.arrows.code.tex
File: pgflibraryshapes.arrows.code.tex 2023-01-15 v3.1.10 (3.1.10)
))
(C:\Users\Lovro Korpar\AppData\Local\Programs\MiKTeX\tex/generic/pgf/frontendla
yer/tikz/libraries\tikzlibraryshapes.callouts.code.tex
(C:\Users\Lovro Korpar\AppData\Local\Programs\MiKTeX\tex/generic/pgf/libraries/
shapes\pgflibraryshapes.callouts.code.tex))
(C:\Users\Lovro Korpar\AppData\Local\Programs\MiKTeX\tex/generic/pgf/frontendla
yer/tikz/libraries\tikzlibraryshapes.multipart.code.tex
File: tikzlibraryshapes.multipart.code.tex 2023-01-15 v3.1.10 (3.1.10)

(C:\Users\Lovro Korpar\AppData\Local\Programs\MiKTeX\tex/generic/pgf/libraries/
shapes\pgflibraryshapes.multipart.code.tex
File: pgflibraryshapes.multipart.code.tex 2023-01-15 v3.1.10 (3.1.10)
\pgfnodepartlowerbox=\box125
\pgfnodeparttwobox=\box126
\pgfnodepartthreebox=\box127
\pgfnodepartfourbox=\box128
\pgfnodeparttwentybox=\box129
\pgfnodepartnineteenbox=\box130
\pgfnodeparteighteenbox=\box131
\pgfnodepartseventeenbox=\box132
\pgfnodepartsixteenbox=\box133
\pgfnodepartfifteenbox=\box134
\pgfnodepartfourteenbox=\box135
\pgfnodepartthirteenbox=\box136
\pgfnodeparttwelvebox=\box137
\pgfnodepartelevenbox=\box138
\pgfnodeparttenbox=\box139
\pgfnodepartninebox=\box140
\pgfnodeparteightbox=\box141
\pgfnodepartsevenbox=\box142
\pgfnodepartsixbox=\box143
\pgfnodepartfivebox=\box144
))))
(C:\Users\Lovro Korpar\AppData\Local\Programs\MiKTeX\tex/latex/geometry\geometr
y.sty
Package: geometry 2020/01/02 v5.9 Page Geometry

(C:\Users\Lovro Korpar\AppData\Local\Programs\MiKTeX\tex/generic/iftex\ifvtex.s
ty
Package: ifvtex 2019/10/25 v1.7 ifvtex legacy package. Use iftex instead.
)
\Gm@cnth=\count347
\Gm@cntv=\count348
\c@Gm@tempcnt=\count349
\Gm@bindingoffset=\dimen321
\Gm@wd@mp=\dimen322
\Gm@odd@mp=\dimen323
\Gm@even@mp=\dimen324
\Gm@layoutwidth=\dimen325
\Gm@layoutheight=\dimen326
\Gm@layouthoffset=\dimen327
\Gm@layoutvoffset=\dimen328
\Gm@dimlist=\toks51

(C:\Users\Lovro Korpar\AppData\Local\Programs\MiKTeX\tex/latex/geometry\geometr
y.cfg))
(C:\Users\Lovro Korpar\AppData\Local\Programs\MiKTeX\tex/latex/base\inputenc.st
y
Package: inputenc 2021/02/14 v1.3d Input encoding file
\inpenc@prehook=\toks52
\inpenc@posthook=\toks53
)
(C:\Users\Lovro Korpar\AppData\Local\Programs\MiKTeX\tex/latex/base\fontenc.sty
Package: fontenc 2021/04/29 v2.0v Standard LaTeX package
LaTeX Font Info:    Trying to load font information for T1+txr on input line 11
2.

(C:\Users\Lovro Korpar\AppData\Local\Programs\MiKTeX\tex/latex/txfonts\t1txr.fd
File: t1txr.fd 2000/12/15 v3.1
))
(C:\Users\Lovro Korpar\AppData\Local\Programs\MiKTeX\tex/latex/psnfss\mathptmx.
sty
Package: mathptmx 2020/03/25 PSNFSS-v9.3 Times w/ Math, improved (SPQR, WaS) 
LaTeX Font Info:    Redeclaring symbol font `operators' on input line 28.
LaTeX Font Info:    Overwriting symbol font `operators' in version `normal'
(Font)                  OT1/txr/m/n --> OT1/ztmcm/m/n on input line 28.
LaTeX Font Info:    Overwriting symbol font `operators' in version `bold'
(Font)                  OT1/txr/bx/n --> OT1/ztmcm/m/n on input line 28.
LaTeX Font Info:    Redeclaring symbol font `letters' on input line 29.
LaTeX Font Info:    Overwriting symbol font `letters' in version `normal'
(Font)                  OML/txmi/m/it --> OML/ztmcm/m/it on input line 29.
LaTeX Font Info:    Overwriting symbol font `letters' in version `bold'
(Font)                  OML/txmi/bx/it --> OML/ztmcm/m/it on input line 29.
LaTeX Font Info:    Redeclaring symbol font `symbols' on input line 30.
LaTeX Font Info:    Overwriting symbol font `symbols' in version `normal'
(Font)                  OMS/txsy/m/n --> OMS/ztmcm/m/n on input line 30.
LaTeX Font Info:    Overwriting symbol font `symbols' in version `bold'
(Font)                  OMS/txsy/bx/n --> OMS/ztmcm/m/n on input line 30.
LaTeX Font Info:    Redeclaring symbol font `largesymbols' on input line 31.
LaTeX Font Info:    Overwriting symbol font `largesymbols' in version `normal'
(Font)                  OMX/txex/m/n --> OMX/ztmcm/m/n on input line 31.
LaTeX Font Info:    Overwriting symbol font `largesymbols' in version `bold'
(Font)                  OMX/txex/bx/n --> OMX/ztmcm/m/n on input line 31.
\symbold=\mathgroup12
LaTeX Font Info:    Redeclaring symbol font `italic' on input line 33.
LaTeX Font Info:    Overwriting symbol font `italic' in version `normal'
(Font)                  OT1/txr/m/it --> OT1/ptm/m/it on input line 33.
LaTeX Font Info:    Overwriting symbol font `italic' in version `bold'
(Font)                  OT1/txr/bx/it --> OT1/ptm/m/it on input line 33.
LaTeX Font Info:    Redeclaring math alphabet \mathbf on input line 34.
LaTeX Font Info:    Overwriting math alphabet `\mathbf' in version `normal'
(Font)                  OT1/txr/bx/n --> OT1/ptm/bx/n on input line 34.
LaTeX Font Info:    Overwriting math alphabet `\mathbf' in version `bold'
(Font)                  OT1/txr/bx/n --> OT1/ptm/bx/n on input line 34.
LaTeX Font Info:    Redeclaring math alphabet \mathit on input line 35.
LaTeX Font Info:    Overwriting math alphabet `\mathit' in version `normal'
(Font)                  OT1/txr/m/it --> OT1/ptm/m/it on input line 35.
LaTeX Font Info:    Overwriting math alphabet `\mathit' in version `bold'
(Font)                  OT1/txr/bx/it --> OT1/ptm/m/it on input line 35.
LaTeX Info: Redefining \hbar on input line 50.
)
(C:\Users\Lovro Korpar\AppData\Local\Programs\MiKTeX\tex/generic/babel\babel.st
y
Package: babel 2023/03/28 3.87 The Babel package
\babel@savecnt=\count350
\U@D=\dimen329
\l@unhyphenated=\language79

(C:\Users\Lovro Korpar\AppData\Local\Programs\MiKTeX\tex/generic/babel\txtbabel
.def)
\bbl@readstream=\read3
\bbl@dirlevel=\count351

*************************************
* Local config file bblopts.cfg used
*

(C:\Users\Lovro Korpar\AppData\Local\Programs\MiKTeX\tex/latex/arabi\bblopts.cf
g
File: bblopts.cfg 2005/09/08 v0.1 add Arabic and Farsi to "declared" options of
 babel
)
(C:\Users\Lovro Korpar\AppData\Local\Programs\MiKTeX\tex/latex/babel-croatian\c
roatian.ldf
Language: croatian 2014/03/31 v1.3m Croatian support from the babel system
))
(C:\Users\Lovro Korpar\AppData\Local\Programs\MiKTeX\tex/generic/babel/locale/h
r\babel-croatian.tex
Package babel Info: Importing font and identification data for croatian
(babel)             from babel-hr.ini. Reported on input line 11.
)
(C:\Users\Lovro Korpar\AppData\Local\Programs\MiKTeX\tex/latex/lipsum\lipsum.st
y
(C:\Users\Lovro Korpar\AppData\Local\Programs\MiKTeX\tex/latex/l3packages/l3key
s2e\l3keys2e.sty
(C:\Users\Lovro Korpar\AppData\Local\Programs\MiKTeX\tex/latex/l3kernel\expl3.s
ty
Package: expl3 2023-03-30 L3 programming layer (loader) 

(C:\Users\Lovro Korpar\AppData\Local\Programs\MiKTeX\tex/latex/l3backend\l3back
end-pdftex.def
File: l3backend-pdftex.def 2023-03-30 L3 backend support: PDF output (pdfTeX)
\l__color_backend_stack_int=\count352
\l__pdf_internal_box=\box145
))
Package: l3keys2e 2023-02-02 LaTeX2e option processing using LaTeX3 keys
)
Package: lipsum 2021-09-20 v2.7 150 paragraphs of Lorem Ipsum dummy text
\g__lipsum_par_int=\count353
\l__lipsum_a_int=\count354
\l__lipsum_b_int=\count355

(C:\Users\Lovro Korpar\AppData\Local\Programs\MiKTeX\tex/latex/lipsum\lipsum.lt
d.tex))
(C:\Users\Lovro Korpar\AppData\Local\Programs\MiKTeX\tex/latex/natbib\natbib.st
y
Package: natbib 2010/09/13 8.31b (PWD, AO)
\bibhang=\skip96
\bibsep=\skip97
LaTeX Info: Redefining \cite on input line 694.
\c@NAT@ctr=\count356
)
\c@enumv=\count357
\c@enumvi=\count358
\c@enumvii=\count359
\c@enumviii=\count360
\c@enumix=\count361

(C:\Users\Lovro Korpar\AppData\Local\Programs\MiKTeX\tex/latex/titlesec\titlese
c.sty
Package: titlesec 2021/07/05 v2.14 Sectioning titles
\ttl@box=\box146
\beforetitleunit=\skip98
\aftertitleunit=\skip99
\ttl@plus=\dimen330
\ttl@minus=\dimen331
\ttl@toksa=\toks54
\titlewidth=\dimen332
\titlewidthlast=\dimen333
\titlewidthfirst=\dimen334
))
LaTeX Font Info:    Trying to load font information for T1+ptm on input line 11
.

(C:\Users\Lovro Korpar\AppData\Local\Programs\MiKTeX\tex/latex/psnfss\t1ptm.fd
File: t1ptm.fd 2001/06/04 font definitions for T1/ptm.
) (dokument.aux)
\openout1 = `dokument.aux'.

LaTeX Font Info:    Checking defaults for OML/txmi/m/it on input line 11.
LaTeX Font Info:    Trying to load font information for OML+txmi on input line 
11.

(C:\Users\Lovro Korpar\AppData\Local\Programs\MiKTeX\tex/latex/txfonts\omltxmi.
fd
File: omltxmi.fd 2000/12/15 v3.1
)
LaTeX Font Info:    ... okay on input line 11.
LaTeX Font Info:    Checking defaults for OMS/txsy/m/n on input line 11.
LaTeX Font Info:    Trying to load font information for OMS+txsy on input line 
11.

(C:\Users\Lovro Korpar\AppData\Local\Programs\MiKTeX\tex/latex/txfonts\omstxsy.
fd
File: omstxsy.fd 2000/12/15 v3.1
)
LaTeX Font Info:    ... okay on input line 11.
LaTeX Font Info:    Checking defaults for OT1/cmr/m/n on input line 11.
LaTeX Font Info:    ... okay on input line 11.
LaTeX Font Info:    Checking defaults for T1/cmr/m/n on input line 11.
LaTeX Font Info:    ... okay on input line 11.
LaTeX Font Info:    Checking defaults for TS1/cmr/m/n on input line 11.
LaTeX Font Info:    ... okay on input line 11.
LaTeX Font Info:    Checking defaults for OMX/txex/m/n on input line 11.
LaTeX Font Info:    Trying to load font information for OMX+txex on input line 
11.

(C:\Users\Lovro Korpar\AppData\Local\Programs\MiKTeX\tex/latex/txfonts\omxtxex.
fd
File: omxtxex.fd 2000/12/15 v3.1
)
LaTeX Font Info:    ... okay on input line 11.
LaTeX Font Info:    Checking defaults for U/txexa/m/n on input line 11.
LaTeX Font Info:    Trying to load font information for U+txexa on input line 1
1.

(C:\Users\Lovro Korpar\AppData\Local\Programs\MiKTeX\tex/latex/txfonts\utxexa.f
d
File: utxexa.fd 2000/12/15 v3.1
)
LaTeX Font Info:    ... okay on input line 11.
LaTeX Font Info:    Checking defaults for PD1/pdf/m/n on input line 11.
LaTeX Font Info:    ... okay on input line 11.
LaTeX Font Info:    Checking defaults for PU/pdf/m/n on input line 11.
LaTeX Font Info:    ... okay on input line 11.

(C:\Users\Lovro Korpar\AppData\Local\Programs\MiKTeX\tex/context/base/mkii\supp
-pdf.mkii
[Loading MPS to PDF converter (version 2006.09.02).]
\scratchcounter=\count362
\scratchdimen=\dimen335
\scratchbox=\box147
\nofMPsegments=\count363
\nofMParguments=\count364
\everyMPshowfont=\toks55
\MPscratchCnt=\count365
\MPscratchDim=\dimen336
\MPnumerator=\count366
\makeMPintoPDFobject=\count367
\everyMPtoPDFconversion=\toks56
)
(C:\Users\Lovro Korpar\AppData\Local\Programs\MiKTeX\tex/latex/epstopdf-pkg\eps
topdf-base.sty
Package: epstopdf-base 2020-01-24 v2.11 Base part for package epstopdf
Package epstopdf-base Info: Redefining graphics rule for `.eps' on input line 4
85.

(C:\Users\Lovro Korpar\AppData\Local\Programs\MiKTeX\tex/latex/00miktex\epstopd
f-sys.cfg
File: epstopdf-sys.cfg 2021/03/18 v2.0 Configuration of epstopdf for MiKTeX
))
Package caption Info: Begin \AtBeginDocument code.
Package caption Info: subfig package v1.3 is loaded.
Package caption Info: float package is loaded.
Package caption Info: hyperref package is loaded.
Package caption Info: longtable package is loaded.

(C:\Users\Lovro Korpar\AppData\Local\Programs\MiKTeX\tex/latex/caption\ltcaptio
n.sty
Package: ltcaption 2021/01/08 v1.4c longtable captions (AR)
)
Package caption Info: wrapfig package is loaded.
Package caption Info: End \AtBeginDocument code.
Package hyperref Info: Link coloring OFF on input line 11.
 (dokument.out) (dokument.out)
\@outlinefile=\write4
\openout4 = `dokument.out'.


*geometry* driver: auto-detecting
*geometry* detected driver: pdftex
*geometry* verbose mode - [ preamble ] result:
* driver: pdftex
* paper: custom
* layout: <same size as paper>
* layoutoffset:(h,v)=(0.0pt,0.0pt)
* modes: twoside 
* h-part:(L,W,R)=(90.3375pt, 416.83289pt, 90.3375pt)
* v-part:(T,H,B)=(72.26999pt, 700.50677pt, 72.26999pt)
* \paperwidth=597.50787pt
* \paperheight=845.04675pt
* \textwidth=416.83289pt
* \textheight=700.50677pt
* \oddsidemargin=18.0675pt
* \evensidemargin=18.0675pt
* \topmargin=-92.14378pt
* \headheight=72.26999pt
* \headsep=19.8738pt
* \topskip=12.0pt
* \footskip=30.0pt
* \marginparwidth=98.0pt
* \marginparsep=7.0pt
* \columnsep=10.0pt
* \skip\footins=10.8pt plus 4.0pt minus 2.0pt
* \hoffset=0.0pt
* \voffset=0.0pt
* \mag=1000
* \@twocolumnfalse
* \@twosidetrue
* \@mparswitchtrue
* \@reversemarginfalse
* (1in=72.27pt=25.4mm, 1cm=28.453pt)

(naslovnica.tex
Underfull \hbox (badness 10000) in paragraph at lines 5--5
 []\T1/ptm/b/n/14 SVEUILITE U RI-JECI 
 []


Underfull \hbox (badness 10000) in paragraph at lines 9--9
 []\T1/ptm/b/n/14 GRAEVINSKI FA-KUL-TET 
 []


Underfull \hbox (badness 10000) in paragraph at lines 15--15
 []\T1/ptm/b/n/14 Prijediplomski Sve-ui-lini stu-dij 
 []


Underfull \hbox (badness 10000) in paragraph at lines 19--19
 []\T1/ptm/b/n/14 Graevinarstvo 
 []


Underfull \hbox (badness 10000) in paragraph at lines 23--23
 [] \T1/ptm/b/n/14 Me-ha-nika II 
 []


Underfull \hbox (badness 10000) in paragraph at lines 54--54
 []\T1/ptm/b/n/14 Lovro Kor-par 
 []


Underfull \hbox (badness 10000) in paragraph at lines 58--58
 []\T1/ptm/b/n/14 0114035332 
 []


Underfull \hbox (badness 10000) in paragraph at lines 68--68
 \T1/ptm/b/n/14 miki od-go-vor na po-budu pod-loge 
 []


Underfull \hbox (badness 10000) in paragraph at lines 78--79
 []\T1/ptm/b/n/12 Zavrni rad 
 []


Underfull \hbox (badness 10000) in paragraph at lines 100--101
 []\T1/ptm/b/n/12 Rijeka, 6. sr-p-nja 2023. 
 []

[1

{C:/Users/Lovro Korpar/AppData/Local/MiKTeX/fonts/map/pdftex/pdftex.map}{C:/Use
rs/Lovro Korpar/AppData/Local/Programs/MiKTeX/fonts/enc/dvips/base/8r.enc}]
[2] [3]) (Poglavlja/zahvale.tex) [4] [1

] [2

]
Poglavlje 1.
[3] [4

]
Poglavlje 2.
[5] [6] (dokument.aux)
Package rerunfilecheck Info: File `dokument.out' has not changed.
(rerunfilecheck)             Checksum: 168123187BD19B276B84E54030680B33;729.
 )
(\end occurred when \iffalse on line 31 was incomplete)
(\end occurred when \iffalse on line 26 was incomplete) 
Here is how much of TeX's memory you used:
 31300 strings out of 476331
 608864 string characters out of 5784425
 1857660 words of memory out of 5000000
 51132 multiletter control sequences out of 15000+600000
 533525 words of font info for 49 fonts, out of 8000000 for 9000
 1141 hyphenation exceptions out of 8191
 93i,5n,94p,911b,453s stack positions out of 10000i,1000n,20000p,200000b,200000s
<C:/Users/Lovro Korpar/A
ppData/Local/Programs/MiKTeX/fonts/type1/urw/times/utmb8a.pfb><C:/Users/Lovro K
orpar/AppData/Local/Programs/MiKTeX/fonts/type1/urw/times/utmr8a.pfb>
Output written on dokument.pdf (10 pages, 54760 bytes).
PDF statistics:
 107 PDF objects out of 1000 (max. 8388607)
 15 named destinations out of 1000 (max. 500000)
 141 words of extra memory for PDF output out of 10000 (max. 10000000)

