\BOOKMARK [0][-]{chapter*.1}{\376\377\000P\000o\000p\000i\000s\000\040\000s\000l\000i\000k\000a}{}% 1
\BOOKMARK [0][-]{chapter*.2}{\376\377\000P\000o\000p\000i\000s\000\040\000t\000a\000b\000l\000i\000c\000a}{}% 2
\BOOKMARK [0][-]{chapter.1}{\376\377\000U\000v\000o\000d}{}% 3
\BOOKMARK [0][-]{chapter.2}{\376\377\000P\000o\000t\000r\000e\000s\000u\000\040\000u\000\040\000n\000j\000i\000h\000o\000v\000i\000\040\000u\000t\000j\000e\000c\000a\000j\000u\000\040\000n\000a\000\040\000g\000r\000a\001\020\000e\000v\000i\000n\000e}{}% 4
\BOOKMARK [1][-]{section.2.1}{\376\377\000Z\000e\000m\000l\000j\000a\000\040\000i\000\040\000t\000e\000k\000t\000o\000n\000i\000k\000a}{chapter.2}% 5
\BOOKMARK [1][-]{section.2.2}{\376\377\000P\000o\000t\000r\000e\000s\000i\000\040\000-\000\040\000u\000z\000r\000o\000k\000\040\000i\000\040\000o\000d\000z\000i\000v}{chapter.2}% 6
\BOOKMARK [1][-]{section.2.3}{\376\377\000V\000r\000s\000t\000e\000\040\000s\000e\000i\000z\000m\000i\001\015\000k\000i\000h\000\040\000v\000a\000l\000o\000v\000a}{chapter.2}% 7
\BOOKMARK [1][-]{section.2.4}{\376\377\000M\000a\000g\000n\000i\000t\000u\000d\000a\000\040\000i\000\040\000i\000n\000t\000e\000n\000z\000i\000t\000e\000t\000\040\000p\000o\000t\000r\000e\000s\000a}{chapter.2}% 8
\BOOKMARK [1][-]{section.2.5}{\376\377\000U\000t\000j\000e\000c\000a\000j\000\040\000p\000o\000t\000r\000e\000s\000a\000\040\000n\000a\000\040\000g\000r\000a\001\021\000e\000v\000i\000n\000e}{chapter.2}% 9
\BOOKMARK [0][-]{chapter.3}{\376\377\000J\000e\000d\000n\000a\000d\001\176\000b\000a\000\040\000k\000r\000e\000t\000a\000n\000j\000a}{}% 10
\BOOKMARK [0][-]{chapter.4}{\376\377\000O\000p\000i\000s\000\040\000o\000p\000r\000e\000m\000e\000\040\000i\000\040\000j\000e\000d\000n\000o\000k\000a\000t\000n\000o\000g\000\040\000o\000k\000v\000i\000r\000a}{}% 11
\BOOKMARK [1][-]{section.4.1}{\376\377\000L\000a\000b\000o\000r\000a\000t\000o\000r\000i\000j\000s\000k\000a\000\040\000o\000p\000r\000e\000m\000a}{chapter.4}% 12
\BOOKMARK [2][-]{subsection.4.1.1}{\376\377\000O\000p\000t\000i\001\015\000k\000i\000\040\000m\000j\000e\000r\000n\000i\000\040\000s\000u\000s\000t\000a\000v\000\040\000G\000O\000M\000\040\000m\000b\000H\000\040\000P\000O\000N\000T\000O\000S\000\040\0003\000D\000\040\0004\000M}{section.4.1}% 13
\BOOKMARK [2][-]{subsection.4.1.2}{\376\377\000S\000u\000s\000t\000a\000v\000\040\000o\000d\000\040\000d\000v\000i\000j\000e\000\040\000d\000v\000o\000o\000s\000n\000e\000\040\000p\000o\000t\000r\000e\000s\000n\000e\000\040\000p\000l\000a\000t\000f\000o\000r\000m\000e\000\040\000Q\000u\000a\000n\000s\000e\000r\000\040\000S\000T\000I\000-\000I\000I\000I}{section.4.1}% 14
\BOOKMARK [1][-]{section.4.2}{\376\377\000J\000e\000d\000n\000o\000k\000a\000t\000n\000i\000\040\000o\000k\000v\000i\000r}{chapter.4}% 15
\BOOKMARK [0][-]{chapter.5}{\376\377\000L\000a\000b\000o\000r\000a\000t\000o\000r\000i\000j\000s\000k\000a\000\040\000i\000s\000p\000i\000t\000i\000v\000a\000n\000j\000a\000\040\000i\000\040\000r\000e\000z\000u\000l\000t\000a\000t\000i}{}% 16
\BOOKMARK [1][-]{section.5.1}{\376\377\000R\000e\000z\000u\000l\000t\000a\000t\000i\000\040\000i\000s\000p\000i\000t\000i\000v\000a\000n\000j\000a}{chapter.5}% 17
\BOOKMARK [1][-]{section.5.2}{\376\377\000I\000s\000p\000i\000t\000i\000v\000a\000n\000j\000e\000\040\000s\000l\000o\000b\000o\000d\000n\000i\000h\000\040\000o\000s\000c\000i\000l\000a\000c\000i\000j\000a}{chapter.5}% 18
\BOOKMARK [2][-]{subsection.5.2.1}{\376\377\000O\000k\000v\000i\000r\000\040\000b\000e\000z\000\040\000d\000o\000d\000a\000n\000e\000\040\000m\000a\000s\000e}{section.5.2}% 19
\BOOKMARK [2][-]{subsection.5.2.2}{\376\377\000O\000k\000v\000i\000r\000\040\000s\000a\000\040\000d\000o\000d\000a\000n\000o\000m\000\040\000m\000a\000s\000o\000m}{section.5.2}% 20
\BOOKMARK [1][-]{section.5.3}{\376\377\000I\000s\000p\000i\000t\000i\000v\000a\000n\000j\000a\000\040\000p\000o\000t\000r\000e\000s\000n\000i\000h\000\040\000z\000a\000p\000i\000s\000a\000\040\000i\000\040\000u\000s\000p\000o\000r\000e\000d\000b\000a\000\040\000r\000e\000z\000u\000l\000t\000a\000t\000a}{chapter.5}% 21
\BOOKMARK [2][-]{subsection.5.3.1}{\376\377\000P\000o\000t\000r\000e\000s\000n\000i\000\040\000z\000a\000p\000i\000s\000\040\000N\000o\000r\000t\000h\000r\000i\000d\000g\000e}{section.5.3}% 22
\BOOKMARK [2][-]{subsection.5.3.2}{\376\377\000P\000o\000t\000r\000e\000s\000n\000i\000\040\000z\000a\000p\000i\000s\000\040\000K\000o\000b\000e}{section.5.3}% 23
\BOOKMARK [2][-]{subsection.5.3.3}{\376\377\000P\000o\000t\000r\000e\000s\000n\000i\000\040\000z\000a\000p\000i\000s\000\040\000E\000l\000\040\000C\000e\000n\000t\000r\000o}{section.5.3}% 24
\BOOKMARK [2][-]{subsection.5.3.4}{\376\377\000C\000a\000p\000e\000\040\000M\000a\000n\000d\000o\000c\000i\000n\000o}{section.5.3}% 25
\BOOKMARK [0][-]{chapter.6}{\376\377\000Z\000a\000k\000l\000j\000u\001\014\000a\000k}{}% 26
\BOOKMARK [0][-]{section*.32}{\376\377\000L\000i\000t\000e\000r\000a\000t\000u\000r\000a}{}% 27
