\BOOKMARK [0][-]{chapter*.1}{Popis slika}{}% 1
\BOOKMARK [0][-]{chapter*.2}{Popis tablica}{}% 2
\BOOKMARK [0][-]{chapter.1}{Uvod}{}% 3
\BOOKMARK [0][-]{chapter.2}{Potresi i njihovi utjecaj na gra\320evine}{}% 4
\BOOKMARK [1][-]{section.2.1}{Zemlja i tektonika}{chapter.2}% 5
\BOOKMARK [1][-]{section.2.2}{Potresi - uzrok i odziv}{chapter.2}% 6
\BOOKMARK [1][-]{section.2.3}{Vrste seizmickih valova}{chapter.2}% 7
\BOOKMARK [1][-]{section.2.4}{Magnituda i intenzitet potresa}{chapter.2}% 8
\BOOKMARK [1][-]{section.2.5}{Utjecaj potresa na graevine}{chapter.2}% 9
\BOOKMARK [0][-]{chapter.3}{Jednad\231ba kretanja}{}% 10
\BOOKMARK [0][-]{chapter.4}{Opis opreme i jednokatnog okvira}{}% 11
\BOOKMARK [1][-]{section.4.1}{Laboratorijska oprema}{chapter.4}% 12
\BOOKMARK [2][-]{subsection.4.1.1}{Opticki mjerni sustav GOM mbH PONTOS 3D 4M}{section.4.1}% 13
\BOOKMARK [2][-]{subsection.4.1.2}{Sustav od dvije dvoosne potresne platforme Quanser STI-III}{section.4.1}% 14
\BOOKMARK [1][-]{section.4.2}{Jednokatni okvir}{chapter.4}% 15
\BOOKMARK [0][-]{chapter.5}{Laboratorijska ispitivanja i njihvi rezultati}{}% 16
\BOOKMARK [1][-]{section.5.1}{Rezultati ispitivanja}{chapter.5}% 17
\BOOKMARK [1][-]{section.5.2}{Ispitivanje slobodnih oscilacija}{chapter.5}% 18
\BOOKMARK [2][-]{subsection.5.2.1}{Okvir bez dodane mase}{section.5.2}% 19
\BOOKMARK [0][-]{section*.16}{Literatura}{}% 20
